This is pdfTeX, Version 3.14159265-2.6-1.40.20 (TeX Live 2019/Debian) (preloaded format=pdflatex 2020.6.19)  30 AUG 2021 17:39
entering extended mode
 restricted \write18 enabled.
 %&-line parsing enabled.
**Sassetti_Gianluca_laurea_2021.tex
(./Sassetti_Gianluca_laurea_2021.tex
LaTeX2e <2020-02-02> patch level 2
L3 programming layer <2020-02-14>
(/usr/share/texlive/texmf-dist/tex/latex/base/book.cls
Document Class: book 2019/12/20 v1.4l Standard LaTeX document class
(/usr/share/texlive/texmf-dist/tex/latex/base/bk12.clo
File: bk12.clo 2019/12/20 v1.4l Standard LaTeX file (size option)
)
\c@part=\count167
\c@chapter=\count168
\c@section=\count169
\c@subsection=\count170
\c@subsubsection=\count171
\c@paragraph=\count172
\c@subparagraph=\count173
\c@figure=\count174
\c@table=\count175
\abovecaptionskip=\skip47
\belowcaptionskip=\skip48
\bibindent=\dimen134
)
(/usr/share/texlive/texmf-dist/tex/latex/graphics/epsfig.sty
Package: epsfig 2017/06/25 v1.7b (e)psfig emulation (SPQR)

(/usr/share/texlive/texmf-dist/tex/latex/graphics/graphicx.sty
Package: graphicx 2019/11/30 v1.2a Enhanced LaTeX Graphics (DPC,SPQR)

(/usr/share/texlive/texmf-dist/tex/latex/graphics/keyval.sty
Package: keyval 2014/10/28 v1.15 key=value parser (DPC)
\KV@toks@=\toks14
)
(/usr/share/texlive/texmf-dist/tex/latex/graphics/graphics.sty
Package: graphics 2019/11/30 v1.4a Standard LaTeX Graphics (DPC,SPQR)

(/usr/share/texlive/texmf-dist/tex/latex/graphics/trig.sty
Package: trig 2016/01/03 v1.10 sin cos tan (DPC)
)
(/usr/share/texlive/texmf-dist/tex/latex/graphics-cfg/graphics.cfg
File: graphics.cfg 2016/06/04 v1.11 sample graphics configuration
)
Package graphics Info: Driver file: pdftex.def on input line 105.

(/usr/share/texlive/texmf-dist/tex/latex/graphics-def/pdftex.def
File: pdftex.def 2018/01/08 v1.0l Graphics/color driver for pdftex
))
\Gin@req@height=\dimen135
\Gin@req@width=\dimen136
)
\epsfxsize=\dimen137
\epsfysize=\dimen138
)
(/usr/share/texlive/texmf-dist/tex/latex/carlisle/plain.sty
Package: plain 1996/04/22 Plain TeX emulation (DPC)
\tabs@latex=\box45
\tabsyet@latex=\box46
\tabsdone@latex=\box47
)
(/usr/share/texlive/texmf-dist/tex/latex/setspace/setspace.sty
Package: setspace 2011/12/19 v6.7a set line spacing
)
(/usr/share/texlive/texmf-dist/tex/latex/titlesec/titlesec.sty
Package: titlesec 2019/10/16 v2.13 Sectioning titles
\ttl@box=\box48
\beforetitleunit=\skip49
\aftertitleunit=\skip50
\ttl@plus=\dimen139
\ttl@minus=\dimen140
\ttl@toksa=\toks15
\titlewidth=\dimen141
\titlewidthlast=\dimen142
\titlewidthfirst=\dimen143
)
(/usr/share/texlive/texmf-dist/tex/latex/geometry/geometry.sty
Package: geometry 2020/01/02 v5.9 Page Geometry

(/usr/share/texlive/texmf-dist/tex/generic/iftex/ifvtex.sty
Package: ifvtex 2019/10/25 v1.7 ifvtex legacy package. Use iftex instead.

(/usr/share/texlive/texmf-dist/tex/generic/iftex/iftex.sty
Package: iftex 2019/11/07 v1.0c TeX engine tests
))
\Gm@cnth=\count176
\Gm@cntv=\count177
\c@Gm@tempcnt=\count178
\Gm@bindingoffset=\dimen144
\Gm@wd@mp=\dimen145
\Gm@odd@mp=\dimen146
\Gm@even@mp=\dimen147
\Gm@layoutwidth=\dimen148
\Gm@layoutheight=\dimen149
\Gm@layouthoffset=\dimen150
\Gm@layoutvoffset=\dimen151
\Gm@dimlist=\toks16
)
(/usr/share/texlive/texmf-dist/tex/latex/hyperref/hyperref.sty
Package: hyperref 2020/01/14 v7.00d Hypertext links for LaTeX

(/usr/share/texlive/texmf-dist/tex/generic/ltxcmds/ltxcmds.sty
Package: ltxcmds 2019/12/15 v1.24 LaTeX kernel commands for general use (HO)
)
(/usr/share/texlive/texmf-dist/tex/latex/pdftexcmds/pdftexcmds.sty
Package: pdftexcmds 2019/11/24 v0.31 Utility functions of pdfTeX for LuaTeX (HO
)

(/usr/share/texlive/texmf-dist/tex/generic/infwarerr/infwarerr.sty
Package: infwarerr 2019/12/03 v1.5 Providing info/warning/error messages (HO)
)
Package pdftexcmds Info: \pdf@primitive is available.
Package pdftexcmds Info: \pdf@ifprimitive is available.
Package pdftexcmds Info: \pdfdraftmode found.
)
(/usr/share/texlive/texmf-dist/tex/generic/kvsetkeys/kvsetkeys.sty
Package: kvsetkeys 2019/12/15 v1.18 Key value parser (HO)
)
(/usr/share/texlive/texmf-dist/tex/generic/kvdefinekeys/kvdefinekeys.sty
Package: kvdefinekeys 2019-12-19 v1.6 Define keys (HO)
)
(/usr/share/texlive/texmf-dist/tex/generic/pdfescape/pdfescape.sty
Package: pdfescape 2019/12/09 v1.15 Implements pdfTeX's escape features (HO)
)
(/usr/share/texlive/texmf-dist/tex/latex/hycolor/hycolor.sty
Package: hycolor 2020-01-27 v1.10 Color options for hyperref/bookmark (HO)
)
(/usr/share/texlive/texmf-dist/tex/latex/letltxmacro/letltxmacro.sty
Package: letltxmacro 2019/12/03 v1.6 Let assignment for LaTeX macros (HO)
)
(/usr/share/texlive/texmf-dist/tex/latex/auxhook/auxhook.sty
Package: auxhook 2019-12-17 v1.6 Hooks for auxiliary files (HO)
)
(/usr/share/texlive/texmf-dist/tex/latex/kvoptions/kvoptions.sty
Package: kvoptions 2019/11/29 v3.13 Key value format for package options (HO)
)
\@linkdim=\dimen152
\Hy@linkcounter=\count179
\Hy@pagecounter=\count180

(/usr/share/texlive/texmf-dist/tex/latex/hyperref/pd1enc.def
File: pd1enc.def 2020/01/14 v7.00d Hyperref: PDFDocEncoding definition (HO)
Now handling font encoding PD1 ...
... no UTF-8 mapping file for font encoding PD1
)
(/usr/share/texlive/texmf-dist/tex/generic/intcalc/intcalc.sty
Package: intcalc 2019/12/15 v1.3 Expandable calculations with integers (HO)
)
(/usr/share/texlive/texmf-dist/tex/generic/etexcmds/etexcmds.sty
Package: etexcmds 2019/12/15 v1.7 Avoid name clashes with e-TeX commands (HO)
)
\Hy@SavedSpaceFactor=\count181
\pdfmajorversion=\count182
Package hyperref Info: Hyper figures OFF on input line 4547.
Package hyperref Info: Link nesting OFF on input line 4552.
Package hyperref Info: Hyper index ON on input line 4555.
Package hyperref Info: Plain pages OFF on input line 4562.
Package hyperref Info: Backreferencing OFF on input line 4567.
Package hyperref Info: Implicit mode ON; LaTeX internals redefined.
Package hyperref Info: Bookmarks ON on input line 4800.
\c@Hy@tempcnt=\count183

(/usr/share/texlive/texmf-dist/tex/latex/url/url.sty
\Urlmuskip=\muskip16
Package: url 2013/09/16  ver 3.4  Verb mode for urls, etc.
)
LaTeX Info: Redefining \url on input line 5159.
\XeTeXLinkMargin=\dimen153

(/usr/share/texlive/texmf-dist/tex/generic/bitset/bitset.sty
Package: bitset 2019/12/09 v1.3 Handle bit-vector datatype (HO)

(/usr/share/texlive/texmf-dist/tex/generic/bigintcalc/bigintcalc.sty
Package: bigintcalc 2019/12/15 v1.5 Expandable calculations on big integers (HO
)
))
\Fld@menulength=\count184
\Field@Width=\dimen154
\Fld@charsize=\dimen155
Package hyperref Info: Hyper figures OFF on input line 6430.
Package hyperref Info: Link nesting OFF on input line 6435.
Package hyperref Info: Hyper index ON on input line 6438.
Package hyperref Info: backreferencing OFF on input line 6445.
Package hyperref Info: Link coloring OFF on input line 6450.
Package hyperref Info: Link coloring with OCG OFF on input line 6455.
Package hyperref Info: PDF/A mode OFF on input line 6460.
LaTeX Info: Redefining \ref on input line 6500.
LaTeX Info: Redefining \pageref on input line 6504.

(/usr/share/texlive/texmf-dist/tex/generic/atbegshi/atbegshi.sty
Package: atbegshi 2019/12/05 v1.19 At begin shipout hook (HO)
)
\Hy@abspage=\count185
\c@Item=\count186
\c@Hfootnote=\count187
)
Package hyperref Info: Driver (autodetected): hpdftex.

(/usr/share/texlive/texmf-dist/tex/latex/hyperref/hpdftex.def
File: hpdftex.def 2020/01/14 v7.00d Hyperref driver for pdfTeX

(/usr/share/texlive/texmf-dist/tex/latex/atveryend/atveryend.sty
Package: atveryend 2019-12-11 v1.11 Hooks at the very end of document (HO)
Package atveryend Info: \enddocument detected (standard20110627).
)
\Fld@listcount=\count188
\c@bookmark@seq@number=\count189

(/usr/share/texlive/texmf-dist/tex/latex/rerunfilecheck/rerunfilecheck.sty
Package: rerunfilecheck 2019/12/05 v1.9 Rerun checks for auxiliary files (HO)

(/usr/share/texlive/texmf-dist/tex/generic/uniquecounter/uniquecounter.sty
Package: uniquecounter 2019/12/15 v1.4 Provide unlimited unique counter (HO)
)
Package uniquecounter Info: New unique counter `rerunfilecheck' on input line 2
86.
)
\Hy@SectionHShift=\skip51
)
(/usr/share/texlive/texmf-dist/tex/latex/caption/caption.sty
Package: caption 2020/01/03 v3.4h Customizing captions (AR)

(/usr/share/texlive/texmf-dist/tex/latex/caption/caption3.sty
Package: caption3 2020/01/03 v1.8h caption3 kernel (AR)
Package caption3 Info: TeX engine: e-TeX on input line 61.
\captionmargin=\dimen156
\captionmargin@=\dimen157
\captionwidth=\dimen158
\caption@tempdima=\dimen159
\caption@indent=\dimen160
\caption@parindent=\dimen161
\caption@hangindent=\dimen162
Package caption Info: Standard document class detected.
)
(/usr/share/texlive/texmf-dist/tex/latex/newfloat/newfloat.sty
Package: newfloat 2019/09/02 v1.1l Defining new floating environments (AR)
Package newfloat Info: Document class `book' detected (Hy).
)
\c@caption@flags=\count190
\c@continuedfloat=\count191
Package caption Info: hyperref package is loaded.
)
(/usr/share/texlive/texmf-dist/tex/latex/base/inputenc.sty
Package: inputenc 2018/08/11 v1.3c Input encoding file
\inpenc@prehook=\toks17
\inpenc@posthook=\toks18
)
(/usr/share/texlive/texmf-dist/tex/latex/l3backend/l3backend-pdfmode.def
File: l3backend-pdfmode.def 2020-02-03 L3 backend support: PDF mode
\l__kernel_color_stack_int=\count192
\l__pdf_internal_box=\box49
)

LaTeX Warning: Unused global option(s):
    [epsfig].

(./Sassetti_Gianluca_laurea_2021.aux)
\openout1 = `Sassetti_Gianluca_laurea_2021.aux'.

LaTeX Font Info:    Checking defaults for OML/cmm/m/it on input line 44.
LaTeX Font Info:    ... okay on input line 44.
LaTeX Font Info:    Checking defaults for OMS/cmsy/m/n on input line 44.
LaTeX Font Info:    ... okay on input line 44.
LaTeX Font Info:    Checking defaults for OT1/cmr/m/n on input line 44.
LaTeX Font Info:    ... okay on input line 44.
LaTeX Font Info:    Checking defaults for T1/cmr/m/n on input line 44.
LaTeX Font Info:    ... okay on input line 44.
LaTeX Font Info:    Checking defaults for TS1/cmr/m/n on input line 44.
LaTeX Font Info:    ... okay on input line 44.
LaTeX Font Info:    Checking defaults for OMX/cmex/m/n on input line 44.
LaTeX Font Info:    ... okay on input line 44.
LaTeX Font Info:    Checking defaults for U/cmr/m/n on input line 44.
LaTeX Font Info:    ... okay on input line 44.
LaTeX Font Info:    Checking defaults for PD1/pdf/m/n on input line 44.
LaTeX Font Info:    ... okay on input line 44.

(/usr/share/texlive/texmf-dist/tex/context/base/mkii/supp-pdf.mkii
[Loading MPS to PDF converter (version 2006.09.02).]
\scratchcounter=\count193
\scratchdimen=\dimen163
\scratchbox=\box50
\nofMPsegments=\count194
\nofMParguments=\count195
\everyMPshowfont=\toks19
\MPscratchCnt=\count196
\MPscratchDim=\dimen164
\MPnumerator=\count197
\makeMPintoPDFobject=\count198
\everyMPtoPDFconversion=\toks20
) (/usr/share/texlive/texmf-dist/tex/latex/epstopdf-pkg/epstopdf-base.sty
Package: epstopdf-base 2020-01-24 v2.11 Base part for package epstopdf

(/usr/share/texlive/texmf-dist/tex/latex/grfext/grfext.sty
Package: grfext 2019/12/03 v1.3 Manage graphics extensions (HO)
)
Package epstopdf-base Info: Redefining graphics rule for `.eps' on input line 4
85.
Package grfext Info: Graphics extension search list:
(grfext)             [.pdf,.png,.jpg,.mps,.jpeg,.jbig2,.jb2,.PDF,.PNG,.JPG,.JPE
G,.JBIG2,.JB2,.eps]
(grfext)             \AppendGraphicsExtensions on input line 504.

(/usr/share/texlive/texmf-dist/tex/latex/latexconfig/epstopdf-sys.cfg
File: epstopdf-sys.cfg 2010/07/13 v1.3 Configuration of (r)epstopdf for TeX Liv
e
))
*geometry* driver: auto-detecting
*geometry* detected driver: pdftex
*geometry* verbose mode - [ preamble ] result:
* driver: pdftex
* paper: a4paper
* layout: <same size as paper>
* layoutoffset:(h,v)=(0.0pt,0.0pt)
* modes: twoside 
* h-part:(L,W,R)=(72.26999pt, 452.9679pt, 72.26999pt)
* v-part:(T,H,B)=(72.26999pt, 700.50687pt, 72.26999pt)
* \paperwidth=597.50787pt
* \paperheight=845.04684pt
* \textwidth=452.9679pt
* \textheight=700.50687pt
* \oddsidemargin=0.0pt
* \evensidemargin=0.0pt
* \topmargin=-31.8738pt
* \headheight=12.0pt
* \headsep=19.8738pt
* \topskip=12.0pt
* \footskip=30.0pt
* \marginparwidth=88.0pt
* \marginparsep=7.0pt
* \columnsep=10.0pt
* \skip\footins=10.8pt plus 4.0pt minus 2.0pt
* \hoffset=0.0pt
* \voffset=0.0pt
* \mag=1000
* \@twocolumnfalse
* \@twosidetrue
* \@mparswitchtrue
* \@reversemarginfalse
* (1in=72.27pt=25.4mm, 1cm=28.453pt)

\AtBeginShipoutBox=\box51
Package hyperref Info: Link coloring OFF on input line 44.
(/usr/share/texlive/texmf-dist/tex/latex/hyperref/nameref.sty
Package: nameref 2019/09/16 v2.46 Cross-referencing by name of section

(/usr/share/texlive/texmf-dist/tex/latex/refcount/refcount.sty
Package: refcount 2019/12/15 v3.6 Data extraction from label references (HO)
)
(/usr/share/texlive/texmf-dist/tex/generic/gettitlestring/gettitlestring.sty
Package: gettitlestring 2019/12/15 v1.6 Cleanup title references (HO)
)
\c@section@level=\count199
)
LaTeX Info: Redefining \ref on input line 44.
LaTeX Info: Redefining \pageref on input line 44.
LaTeX Info: Redefining \nameref on input line 44.

(./Sassetti_Gianluca_laurea_2021.out) (./Sassetti_Gianluca_laurea_2021.out)
\@outlinefile=\write3
\openout3 = `Sassetti_Gianluca_laurea_2021.out'.

Package caption Info: Begin \AtBeginDocument code.
Package caption Info: End \AtBeginDocument code.

(./pagina_iniziale.tex
Package epstopdf Info: Source file: <marchio_unitrento_colore_it_202002.eps>
(epstopdf)                    date: 2020-02-12 10:03:21
(epstopdf)                    size: 222744 bytes
(epstopdf)             Output file: <marchio_unitrento_colore_it_202002-eps-con
verted-to.pdf>
(epstopdf)                    date: 2020-02-12 10:12:41
(epstopdf)                    size: 183512 bytes
(epstopdf)             Command: <repstopdf --outfile=marchio_unitrento_colore_i
t_202002-eps-converted-to.pdf marchio_unitrento_colore_it_202002.eps>
(epstopdf)             \includegraphics on input line 7.
Package epstopdf Info: Output file is already uptodate.
<marchio_unitrento_colore_it_202002-eps-converted-to.pdf, id=108, 369.7815pt x 
114.6684pt>
File: marchio_unitrento_colore_it_202002-eps-converted-to.pdf Graphic file (typ
e pdf)
<use marchio_unitrento_colore_it_202002-eps-converted-to.pdf>
Package pdftex.def Info: marchio_unitrento_colore_it_202002-eps-converted-to.pd
f  used on input line 7.
(pdftex.def)             Requested size: 271.7835pt x 84.28638pt.
LaTeX Font Info:    External font `cmex10' loaded for size
(Font)              <17.28> on input line 31.
LaTeX Font Info:    External font `cmex10' loaded for size
(Font)              <12> on input line 31.
) [1

{/var/lib/texmf/fonts/map/pdftex/updmap/pdftex.map} <./marchio_unitrento_colore
_it_202002-eps-converted-to.pdf>]
(./ringraziamenti.tex)pdfTeX warning (ext4): destination with the same identifi
er (name{page.}) has been already used, duplicate ignored
<to be read again> 
                   \relax 
l.60   \clearpage
                  [2

] (./Sassetti_Gianluca_laurea_2021.toc
LaTeX Font Info:    External font `cmex10' loaded for size
(Font)              <8> on input line 3.
LaTeX Font Info:    External font `cmex10' loaded for size
(Font)              <6> on input line 3.
)
\tf@toc=\write4
\openout4 = `Sassetti_Gianluca_laurea_2021.toc'.

 [1



] (./sommario.tex) (./capitolo1.tex
Chapter 1.

Underfull \vbox (badness 10000) has occurred while \output is active []

 [2

]
[3]) (./capitolo2.tex
Chapter 2.

Overfull \hbox (2.04405pt too wide) in paragraph at lines 4--5
\OT1/cmr/m/n/12 Bitcoin is a cryp-tocur-rency and an elec-tronic pay-ment sys-t
em built on a fully-decentralized
 []

<pict/basicexample.png, id=178, 860.21375pt x 380.42125pt>
File: pict/basicexample.png Graphic file (type png)
<use pict/basicexample.png>
Package pdftex.def Info: pict/basicexample.png  used on input line 29.
(pdftex.def)             Requested size: 407.66833pt x 180.28983pt.

Underfull \vbox (badness 3590) has occurred while \output is active []

 [4]
Overfull \hbox (16.32677pt too wide) in paragraph at lines 46--47
\OT1/cmr/m/n/12 Transactions im-ple-ment trans-fers. Valid trans-ac-tions are c
ol-lected to-gether in the blockchain,
 []

<pict/txstruct.png, id=188, 360.34625pt x 481.8pt>
File: pict/txstruct.png Graphic file (type png)
<use pict/txstruct.png>
Package pdftex.def Info: pict/txstruct.png  used on input line 51.
(pdftex.def)             Requested size: 181.18439pt x 242.2521pt.

LaTeX Warning: `h' float specifier changed to `ht'.

[5 <./pict/basicexample.png>] [6 <./pict/txstruct.png>]
<pict/blockstruct.png, id=206, 598.235pt x 452.69125pt>
File: pict/blockstruct.png Graphic file (type png)
<use pict/blockstruct.png>
Package pdftex.def Info: pict/blockstruct.png  used on input line 81.
(pdftex.def)             Requested size: 249.13371pt x 188.52647pt.
<pict/blockchain-synch.png, id=210, 349.305pt x 381.425pt>
File: pict/blockchain-synch.png Graphic file (type png)
<use pict/blockchain-synch.png>
Package pdftex.def Info: pict/blockchain-synch.png  used on input line 101.
(pdftex.def)             Requested size: 158.54152pt x 173.11795pt.


LaTeX Warning: `h' float specifier changed to `ht'.

[7 <./pict/blockstruct.png>] [8 <./pict/blockchain-synch.png>])
(./capitolo3.tex
Chapter 3.
<pict/BTCconnection.png, id=231, 351.3125pt x 338.26375pt>
File: pict/BTCconnection.png Graphic file (type png)
<use pict/BTCconnection.png>
Package pdftex.def Info: pict/BTCconnection.png  used on input line 24.
(pdftex.def)             Requested size: 203.83417pt x 196.27052pt.

LaTeX Warning: `h' float specifier changed to `ht'.

[9]
<pict/BTCaddr.png, id=247, 351.3125pt x 294.09875pt>
File: pict/BTCaddr.png Graphic file (type png)
<use pict/BTCaddr.png>
Package pdftex.def Info: pict/BTCaddr.png  used on input line 51.
(pdftex.def)             Requested size: 203.83417pt x 170.6447pt.


LaTeX Warning: `h' float specifier changed to `ht'.

[10 <./pict/BTCconnection.png>] [11 <./pict/BTCaddr.png>]) (./capitolo4.tex
Chapter 4.
[12]
<pict/network-partition.png, id=291, 591.20876pt x 263.98625pt>
File: pict/network-partition.png Graphic file (type png)
<use pict/network-partition.png>
Package pdftex.def Info: pict/network-partition.png  used on input line 42.
(pdftex.def)             Requested size: 249.13371pt x 111.24002pt.
 [13 <./pict/network-partition.png>]
<pict/sybil.png, id=310, 371.3875pt x 496.85625pt>
File: pict/sybil.png Graphic file (type png)
<use pict/sybil.png>
Package pdftex.def Info: pict/sybil.png  used on input line 59.
(pdftex.def)             Requested size: 181.18439pt x 242.40028pt.
<pict/blockrace1.png, id=314, 901.3675pt x 176.66pt>
File: pict/blockrace1.png Graphic file (type png)
<use pict/blockrace1.png>
Package pdftex.def Info: pict/blockrace1.png  used on input line 74.
(pdftex.def)             Requested size: 407.66833pt x 79.9006pt.


LaTeX Warning: `!h' float specifier changed to `!ht'.

<pict/blockrace2.png, id=315, 1141.26375pt x 176.66pt>
File: pict/blockrace2.png Graphic file (type png)
<use pict/blockrace2.png>
Package pdftex.def Info: pict/blockrace2.png  used on input line 81.
(pdftex.def)             Requested size: 407.66833pt x 63.10425pt.

LaTeX Warning: `!h' float specifier changed to `!ht'.

[14 <./pict/sybil.png>]
<pict/0confirm-doublespend.png, id=333, 649.42625pt x 147.55125pt>
File: pict/0confirm-doublespend.png Graphic file (type png)
<use pict/0confirm-doublespend.png>
Package pdftex.def Info: pict/0confirm-doublespend.png  used on input line 107.

(pdftex.def)             Requested size: 317.07614pt x 72.04181pt.


LaTeX Warning: `!h' float specifier changed to `!ht'.

[15 <./pict/blockrace1.png> <./pict/blockrace2.png>]
<pict/nconfirm-doublespend.png, id=344, 743.77875pt x 423.5825pt>
File: pict/nconfirm-doublespend.png Graphic file (type png)
<use pict/nconfirm-doublespend.png>
Package pdftex.def Info: pict/nconfirm-doublespend.png  used on input line 118.

(pdftex.def)             Requested size: 339.72592pt x 193.48009pt.
 [16 <./pict/0confirm-doublespend.png> <./pict/nconfirm-doublespend.png>]) (./c
apitolo5.tex
Chapter 5.

Underfull \vbox (badness 10000) has occurred while \output is active []

 [17]
<pict/atkaddr.png, id=372, 421.575pt x 396.48125pt>
File: pict/atkaddr.png Graphic file (type png)
<use pict/atkaddr.png>
Package pdftex.def Info: pict/atkaddr.png  used on input line 29.
(pdftex.def)             Requested size: 226.48395pt x 213.0077pt.

[18 <./pict/atkaddr.png>] [19]) (./capitolo6.tex
Chapter 6.
<pict/results/noatk-40.png, id=391, 462.528pt x 346.896pt>
File: pict/results/noatk-40.png Graphic file (type png)
<use pict/results/noatk-40.png>
Package pdftex.def Info: pict/results/noatk-40.png  used on input line 10.
(pdftex.def)             Requested size: 249.13371pt x 186.84995pt.

Overfull \hbox (22.64977pt too wide) in paragraph at lines 10--12
 [][] 
 []

<pict/results/noatk-80.png, id=392, 462.528pt x 346.896pt>
File: pict/results/noatk-80.png Graphic file (type png)
<use pict/results/noatk-80.png>
Package pdftex.def Info: pict/results/noatk-80.png  used on input line 17.
(pdftex.def)             Requested size: 249.13371pt x 186.84995pt.

Overfull \hbox (22.64977pt too wide) in paragraph at lines 17--19
 [][] 
 []


Overfull \hbox (19.44853pt too wide) in paragraph at lines 9--22
[][]   [] 
 []

<pict/results/in-cov.png, id=395, 462.528pt x 346.896pt>
File: pict/results/in-cov.png Graphic file (type png)
<use pict/results/in-cov.png>
Package pdftex.def Info: pict/results/in-cov.png  used on input line 27.
(pdftex.def)             Requested size: 362.37569pt x 271.79521pt.

LaTeX Warning: `h' float specifier changed to `ht'.

<pict/results/in-hon-avg-neigh.png, id=397, 462.528pt x 346.896pt>
File: pict/results/in-hon-avg-neigh.png Graphic file (type png)
<use pict/results/in-hon-avg-neigh.png>
Package pdftex.def Info: pict/results/in-hon-avg-neigh.png  used on input line 
39.
(pdftex.def)             Requested size: 249.13371pt x 186.84995pt.

Overfull \hbox (22.64977pt too wide) in paragraph at lines 39--41
 [][] 
 []

<pict/results/in-hon-avg-neigh-atk.png, id=398, 462.528pt x 346.896pt>
File: pict/results/in-hon-avg-neigh-atk.png Graphic file (type png)
<use pict/results/in-hon-avg-neigh-atk.png>
Package pdftex.def Info: pict/results/in-hon-avg-neigh-atk.png  used on input l
ine 46.
(pdftex.def)             Requested size: 249.13371pt x 186.84995pt.

Overfull \hbox (22.64977pt too wide) in paragraph at lines 46--48
 [][] 
 []


Overfull \hbox (19.44853pt too wide) in paragraph at lines 38--51
[][]   [] 
 []

[20 <./pict/results/noatk-40.png> <./pict/results/noatk-80.png>]
<pict/results/in-hon-avg-known-atk.png, id=410, 462.528pt x 346.896pt>
File: pict/results/in-hon-avg-known-atk.png Graphic file (type png)
<use pict/results/in-hon-avg-known-atk.png>
Package pdftex.def Info: pict/results/in-hon-avg-known-atk.png  used on input l
ine 60.
(pdftex.def)             Requested size: 249.13371pt x 186.84995pt.

Overfull \hbox (22.64977pt too wide) in paragraph at lines 60--62
 [][] 
 []

<pict/results/in-atk-avg-degree.png, id=411, 462.528pt x 346.896pt>
File: pict/results/in-atk-avg-degree.png Graphic file (type png)
<use pict/results/in-atk-avg-degree.png>
Package pdftex.def Info: pict/results/in-atk-avg-degree.png  used on input line
 67.
(pdftex.def)             Requested size: 249.13371pt x 186.84995pt.

Overfull \hbox (22.64977pt too wide) in paragraph at lines 67--69
 [][] 
 []


Overfull \hbox (19.44853pt too wide) in paragraph at lines 59--72
[][]   [] 
 []

<pict/results/in-cluster.png, id=414, 462.528pt x 346.896pt>
File: pict/results/in-cluster.png Graphic file (type png)
<use pict/results/in-cluster.png>
Package pdftex.def Info: pict/results/in-cluster.png  used on input line 83.
(pdftex.def)             Requested size: 249.13371pt x 186.84995pt.

Overfull \hbox (22.64977pt too wide) in paragraph at lines 83--85
 [][] 
 []

<pict/results/in-dns.png, id=415, 462.528pt x 346.896pt>
File: pict/results/in-dns.png Graphic file (type png)
<use pict/results/in-dns.png>
Package pdftex.def Info: pict/results/in-dns.png  used on input line 90.
(pdftex.def)             Requested size: 249.13371pt x 186.84995pt.

Overfull \hbox (22.64977pt too wide) in paragraph at lines 90--92
 [][] 
 []


Overfull \hbox (19.44853pt too wide) in paragraph at lines 82--95
[][]   [] 
 []

[21 <./pict/results/in-cov.png>]
<pict/results/ext-cov.png, id=425, 462.528pt x 346.896pt>
File: pict/results/ext-cov.png Graphic file (type png)
<use pict/results/ext-cov.png>
Package pdftex.def Info: pict/results/ext-cov.png  used on input line 105.
(pdftex.def)             Requested size: 362.37569pt x 271.79521pt.


LaTeX Warning: `!h' float specifier changed to `!ht'.

<pict/results/ext-hon-atk-neigh.png, id=426, 462.528pt x 346.896pt>
File: pict/results/ext-hon-atk-neigh.png Graphic file (type png)
<use pict/results/ext-hon-atk-neigh.png>
Package pdftex.def Info: pict/results/ext-hon-atk-neigh.png  used on input line
 113.
(pdftex.def)             Requested size: 249.13371pt x 186.84995pt.

Overfull \hbox (22.64977pt too wide) in paragraph at lines 113--115
 [][] 
 []

<pict/results/ex-hon-atk-known.png, id=427, 462.528pt x 346.896pt>
File: pict/results/ex-hon-atk-known.png Graphic file (type png)
<use pict/results/ex-hon-atk-known.png>
Package pdftex.def Info: pict/results/ex-hon-atk-known.png  used on input line 
121.
(pdftex.def)             Requested size: 249.13371pt x 186.84995pt.

Overfull \hbox (22.64977pt too wide) in paragraph at lines 121--122
 [][] 
 []


Overfull \hbox (19.44853pt too wide) in paragraph at lines 112--125
[][]   [] 
 []

<pict/results/ex-atk-avg-degree.png, id=428, 462.528pt x 346.896pt>
File: pict/results/ex-atk-avg-degree.png Graphic file (type png)
<use pict/results/ex-atk-avg-degree.png>
Package pdftex.def Info: pict/results/ex-atk-avg-degree.png  used on input line
 130.
(pdftex.def)             Requested size: 249.13371pt x 186.84995pt.

Overfull \hbox (22.64977pt too wide) in paragraph at lines 130--131
 [][] 
 []

<pict/results/ex-atk-dd.png, id=429, 462.528pt x 346.896pt>
File: pict/results/ex-atk-dd.png Graphic file (type png)
<use pict/results/ex-atk-dd.png>
Package pdftex.def Info: pict/results/ex-atk-dd.png  used on input line 137.
(pdftex.def)             Requested size: 249.13371pt x 186.84995pt.

Overfull \hbox (22.64977pt too wide) in paragraph at lines 137--138
 [][] 
 []


Overfull \hbox (19.44853pt too wide) in paragraph at lines 128--141
[][]   [] 
 []

) (./capitolo7.tex
Chapter 7.

Underfull \vbox (badness 4001) has occurred while \output is active []

 [22 <./pict/results/in-hon-avg-neigh.png> <./pict/results/in-hon-avg-neigh-atk
.png> <./pict/results/in-hon-avg-known-atk.png> <./pict/results/in-atk-avg-degr
ee.png>]
[23 <./pict/results/in-cluster.png> <./pict/results/in-dns.png> <./pict/results
/ext-cov.png>] [24 <./pict/results/ext-hon-atk-neigh.png> <./pict/results/ex-ho
n-atk-known.png> <./pict/results/ex-atk-avg-degree.png> <./pict/results/ex-atk-
dd.png>]
<pict/results/in-atkknown-beginning.png, id=474, 462.528pt x 346.896pt>
File: pict/results/in-atkknown-beginning.png Graphic file (type png)
<use pict/results/in-atkknown-beginning.png>
Package pdftex.def Info: pict/results/in-atkknown-beginning.png  used on input 
line 36.
(pdftex.def)             Requested size: 317.07614pt x 237.81816pt.


LaTeX Warning: `!h' float specifier changed to `!ht'.

[25] [26 <./pict/results/in-atkknown-beginning.png>])
(./Sassetti_Gianluca_laurea_2021.bbl [27]
Underfull \hbox (badness 4492) in paragraph at lines 9--12
[]\OT1/cmr/m/n/12 Bitcoin pro-to-col doc-u-men-ta-tion.  []$\OT1/cmtt/m/n/12 ht
tps : / / en . bitcoin . it / wiki / Protocol _
 []

[28

] [29])
Package atveryend Info: Empty hook `BeforeClearDocument' on input line 164.
 [30]
Package atveryend Info: Empty hook `AfterLastShipout' on input line 164.
 (./Sassetti_Gianluca_laurea_2021.aux)
Package atveryend Info: Executing hook `AtVeryEndDocument' on input line 164.
Package atveryend Info: Executing hook `AtEndAfterFileList' on input line 164.
Package rerunfilecheck Info: File `Sassetti_Gianluca_laurea_2021.out' has not c
hanged.
(rerunfilecheck)             Checksum: B00F5F50CC61A69C851DFD1C0950ACCC;1724.
Package atveryend Info: Empty hook `AtVeryVeryEnd' on input line 164.
 ) 
Here is how much of TeX's memory you used:
 7774 strings out of 481239
 124521 string characters out of 5920377
 394089 words of memory out of 5000000
 22753 multiletter control sequences out of 15000+600000
 538972 words of font info for 46 fonts, out of 8000000 for 9000
 1141 hyphenation exceptions out of 8191
 41i,7n,42p,644b,547s stack positions out of 5000i,500n,10000p,200000b,80000s
</usr/share/texlive/texmf-dist/fonts/type1/public/amsfonts/cm/cmbx12.pfb></us
r/share/texlive/texmf-dist/fonts/type1/public/amsfonts/cm/cmcsc10.pfb></usr/sha
re/texlive/texmf-dist/fonts/type1/public/amsfonts/cm/cmmi12.pfb></usr/share/tex
live/texmf-dist/fonts/type1/public/amsfonts/cm/cmr12.pfb></usr/share/texlive/te
xmf-dist/fonts/type1/public/amsfonts/cm/cmr17.pfb></usr/share/texlive/texmf-dis
t/fonts/type1/public/amsfonts/cm/cmsy10.pfb></usr/share/texlive/texmf-dist/font
s/type1/public/amsfonts/cm/cmti12.pfb></usr/share/texlive/texmf-dist/fonts/type
1/public/amsfonts/cm/cmtt12.pfb>
Output written on Sassetti_Gianluca_laurea_2021.pdf (32 pages, 907177 bytes).
PDF statistics:
 568 PDF objects out of 1000 (max. 8388607)
 462 compressed objects within 5 object streams
 119 named destinations out of 1000 (max. 500000)
 354 words of extra memory for PDF output out of 10000 (max. 10000000)

