\BOOKMARK [1][-]{section.1}{Addressing the problems with distributed ledger technologies}{}% 1
\BOOKMARK [2][-]{subsection.1.1}{Addressing the issues of distributed ledgers}{section.1}% 2
\BOOKMARK [1][-]{section.2}{Introduction to Bitcoin}{}% 3
\BOOKMARK [2][-]{subsection.2.1}{An introductory example to Bitcoin usage}{section.2}% 4
\BOOKMARK [2][-]{subsection.2.2}{Transaction structure}{section.2}% 5
\BOOKMARK [2][-]{subsection.2.3}{Block structure and blockchain}{section.2}% 6
\BOOKMARK [2][-]{subsection.2.4}{Miners behaviour}{section.2}% 7
\BOOKMARK [2][-]{subsection.2.5}{Proof-of-Work and Consensus protocol}{section.2}% 8
\BOOKMARK [1][-]{section.3}{Bitcoin peer-to-peer network}{}% 9
\BOOKMARK [2][-]{subsection.3.1}{Connection and peer discovery}{section.3}% 10
\BOOKMARK [2][-]{subsection.3.2}{Peer database structure}{section.3}% 11
\BOOKMARK [2][-]{subsection.3.3}{Data dissemination}{section.3}% 12
\BOOKMARK [1][-]{section.4}{Bitcoin security concerns}{}% 13
\BOOKMARK [2][-]{subsection.4.1}{Network security}{section.4}% 14
\BOOKMARK [3][-]{subsubsection.4.1.1}{Sybil attack}{subsection.4.1}% 15
\BOOKMARK [3][-]{subsubsection.4.1.2}{Eclipse attack}{subsection.4.1}% 16
\BOOKMARK [3][-]{subsubsection.4.1.3}{Fake bootstrapping attack}{subsection.4.1}% 17
\BOOKMARK [3][-]{subsubsection.4.1.4}{DDoS attack}{subsection.4.1}% 18
\BOOKMARK [1][-]{section.5}{Enhancing the efficacy of Sybil attacks with fake bootstrapping}{}% 19
\BOOKMARK [2][-]{subsection.5.1}{Attack details}{section.5}% 20
\BOOKMARK [2][-]{subsection.5.2}{Metrics and performance evaluation}{section.5}% 21
\BOOKMARK [2][-]{subsection.5.3}{Software and implementation}{section.5}% 22
\BOOKMARK [1][-]{section.6}{Results}{}% 23
\BOOKMARK [2][-]{subsection.6.1}{Alternative attack scenario}{section.6}% 24
\BOOKMARK [1][-]{section.7}{Conclusions}{}% 25
