This is pdfTeX, Version 3.14159265-2.6-1.40.20 (TeX Live 2019/Debian) (preloaded format=pdflatex 2020.6.19)  21 AUG 2021 14:02
entering extended mode
 restricted \write18 enabled.
 %&-line parsing enabled.
**tesi.tex
(./tesi.tex
LaTeX2e <2020-02-02> patch level 2
L3 programming layer <2020-02-14>
(/usr/share/texlive/texmf-dist/tex/latex/base/article.cls
Document Class: article 2019/12/20 v1.4l Standard LaTeX document class
(/usr/share/texlive/texmf-dist/tex/latex/base/size12.clo
File: size12.clo 2019/12/20 v1.4l Standard LaTeX file (size option)
)
\c@part=\count167
\c@section=\count168
\c@subsection=\count169
\c@subsubsection=\count170
\c@paragraph=\count171
\c@subparagraph=\count172
\c@figure=\count173
\c@table=\count174
\abovecaptionskip=\skip47
\belowcaptionskip=\skip48
\bibindent=\dimen134
)
(/usr/share/texlive/texmf-dist/tex/latex/base/inputenc.sty
Package: inputenc 2018/08/11 v1.3c Input encoding file
\inpenc@prehook=\toks14
\inpenc@posthook=\toks15
)
(/usr/share/texlive/texmf-dist/tex/latex/geometry/geometry.sty
Package: geometry 2020/01/02 v5.9 Page Geometry

(/usr/share/texlive/texmf-dist/tex/latex/graphics/keyval.sty
Package: keyval 2014/10/28 v1.15 key=value parser (DPC)
\KV@toks@=\toks16
)
(/usr/share/texlive/texmf-dist/tex/generic/iftex/ifvtex.sty
Package: ifvtex 2019/10/25 v1.7 ifvtex legacy package. Use iftex instead.

(/usr/share/texlive/texmf-dist/tex/generic/iftex/iftex.sty
Package: iftex 2019/11/07 v1.0c TeX engine tests
))
\Gm@cnth=\count175
\Gm@cntv=\count176
\c@Gm@tempcnt=\count177
\Gm@bindingoffset=\dimen135
\Gm@wd@mp=\dimen136
\Gm@odd@mp=\dimen137
\Gm@even@mp=\dimen138
\Gm@layoutwidth=\dimen139
\Gm@layoutheight=\dimen140
\Gm@layouthoffset=\dimen141
\Gm@layoutvoffset=\dimen142
\Gm@dimlist=\toks17
)
(/usr/share/texlive/texmf-dist/tex/latex/graphics/graphicx.sty
Package: graphicx 2019/11/30 v1.2a Enhanced LaTeX Graphics (DPC,SPQR)

(/usr/share/texlive/texmf-dist/tex/latex/graphics/graphics.sty
Package: graphics 2019/11/30 v1.4a Standard LaTeX Graphics (DPC,SPQR)

(/usr/share/texlive/texmf-dist/tex/latex/graphics/trig.sty
Package: trig 2016/01/03 v1.10 sin cos tan (DPC)
)
(/usr/share/texlive/texmf-dist/tex/latex/graphics-cfg/graphics.cfg
File: graphics.cfg 2016/06/04 v1.11 sample graphics configuration
)
Package graphics Info: Driver file: pdftex.def on input line 105.

(/usr/share/texlive/texmf-dist/tex/latex/graphics-def/pdftex.def
File: pdftex.def 2018/01/08 v1.0l Graphics/color driver for pdftex
))
\Gin@req@height=\dimen143
\Gin@req@width=\dimen144
)
(/usr/share/texlive/texmf-dist/tex/latex/float/float.sty
Package: float 2001/11/08 v1.3d Float enhancements (AL)
\c@float@type=\count178
\float@exts=\toks18
\float@box=\box45
\@float@everytoks=\toks19
\@floatcapt=\box46
)
(/usr/share/texlive/texmf-dist/tex/latex/graphics/color.sty
Package: color 2019/11/23 v1.2a Standard LaTeX Color (DPC)

(/usr/share/texlive/texmf-dist/tex/latex/graphics-cfg/color.cfg
File: color.cfg 2016/01/02 v1.6 sample color configuration
)
Package color Info: Driver file: pdftex.def on input line 147.
)
(/usr/share/texlive/texmf-dist/tex/latex/hyperref/hyperref.sty
Package: hyperref 2020/01/14 v7.00d Hypertext links for LaTeX

(/usr/share/texlive/texmf-dist/tex/generic/ltxcmds/ltxcmds.sty
Package: ltxcmds 2019/12/15 v1.24 LaTeX kernel commands for general use (HO)
)
(/usr/share/texlive/texmf-dist/tex/latex/pdftexcmds/pdftexcmds.sty
Package: pdftexcmds 2019/11/24 v0.31 Utility functions of pdfTeX for LuaTeX (HO
)

(/usr/share/texlive/texmf-dist/tex/generic/infwarerr/infwarerr.sty
Package: infwarerr 2019/12/03 v1.5 Providing info/warning/error messages (HO)
)
Package pdftexcmds Info: \pdf@primitive is available.
Package pdftexcmds Info: \pdf@ifprimitive is available.
Package pdftexcmds Info: \pdfdraftmode found.
)
(/usr/share/texlive/texmf-dist/tex/generic/kvsetkeys/kvsetkeys.sty
Package: kvsetkeys 2019/12/15 v1.18 Key value parser (HO)
)
(/usr/share/texlive/texmf-dist/tex/generic/kvdefinekeys/kvdefinekeys.sty
Package: kvdefinekeys 2019-12-19 v1.6 Define keys (HO)
)
(/usr/share/texlive/texmf-dist/tex/generic/pdfescape/pdfescape.sty
Package: pdfescape 2019/12/09 v1.15 Implements pdfTeX's escape features (HO)
)
(/usr/share/texlive/texmf-dist/tex/latex/hycolor/hycolor.sty
Package: hycolor 2020-01-27 v1.10 Color options for hyperref/bookmark (HO)
)
(/usr/share/texlive/texmf-dist/tex/latex/letltxmacro/letltxmacro.sty
Package: letltxmacro 2019/12/03 v1.6 Let assignment for LaTeX macros (HO)
)
(/usr/share/texlive/texmf-dist/tex/latex/auxhook/auxhook.sty
Package: auxhook 2019-12-17 v1.6 Hooks for auxiliary files (HO)
)
(/usr/share/texlive/texmf-dist/tex/latex/kvoptions/kvoptions.sty
Package: kvoptions 2019/11/29 v3.13 Key value format for package options (HO)
)
\@linkdim=\dimen145
\Hy@linkcounter=\count179
\Hy@pagecounter=\count180

(/usr/share/texlive/texmf-dist/tex/latex/hyperref/pd1enc.def
File: pd1enc.def 2020/01/14 v7.00d Hyperref: PDFDocEncoding definition (HO)
Now handling font encoding PD1 ...
... no UTF-8 mapping file for font encoding PD1
)
(/usr/share/texlive/texmf-dist/tex/generic/intcalc/intcalc.sty
Package: intcalc 2019/12/15 v1.3 Expandable calculations with integers (HO)
)
(/usr/share/texlive/texmf-dist/tex/generic/etexcmds/etexcmds.sty
Package: etexcmds 2019/12/15 v1.7 Avoid name clashes with e-TeX commands (HO)
)
\Hy@SavedSpaceFactor=\count181
\pdfmajorversion=\count182
Package hyperref Info: Hyper figures OFF on input line 4547.
Package hyperref Info: Link nesting OFF on input line 4552.
Package hyperref Info: Hyper index ON on input line 4555.
Package hyperref Info: Plain pages OFF on input line 4562.
Package hyperref Info: Backreferencing OFF on input line 4567.
Package hyperref Info: Implicit mode ON; LaTeX internals redefined.
Package hyperref Info: Bookmarks ON on input line 4800.
\c@Hy@tempcnt=\count183

(/usr/share/texlive/texmf-dist/tex/latex/url/url.sty
\Urlmuskip=\muskip16
Package: url 2013/09/16  ver 3.4  Verb mode for urls, etc.
)
LaTeX Info: Redefining \url on input line 5159.
\XeTeXLinkMargin=\dimen146

(/usr/share/texlive/texmf-dist/tex/generic/bitset/bitset.sty
Package: bitset 2019/12/09 v1.3 Handle bit-vector datatype (HO)

(/usr/share/texlive/texmf-dist/tex/generic/bigintcalc/bigintcalc.sty
Package: bigintcalc 2019/12/15 v1.5 Expandable calculations on big integers (HO
)
))
\Fld@menulength=\count184
\Field@Width=\dimen147
\Fld@charsize=\dimen148
Package hyperref Info: Hyper figures OFF on input line 6430.
Package hyperref Info: Link nesting OFF on input line 6435.
Package hyperref Info: Hyper index ON on input line 6438.
Package hyperref Info: backreferencing OFF on input line 6445.
Package hyperref Info: Link coloring OFF on input line 6450.
Package hyperref Info: Link coloring with OCG OFF on input line 6455.
Package hyperref Info: PDF/A mode OFF on input line 6460.
LaTeX Info: Redefining \ref on input line 6500.
LaTeX Info: Redefining \pageref on input line 6504.

(/usr/share/texlive/texmf-dist/tex/generic/atbegshi/atbegshi.sty
Package: atbegshi 2019/12/05 v1.19 At begin shipout hook (HO)
)
\Hy@abspage=\count185
\c@Item=\count186
\c@Hfootnote=\count187
)
Package hyperref Info: Driver (autodetected): hpdftex.

(/usr/share/texlive/texmf-dist/tex/latex/hyperref/hpdftex.def
File: hpdftex.def 2020/01/14 v7.00d Hyperref driver for pdfTeX

(/usr/share/texlive/texmf-dist/tex/latex/atveryend/atveryend.sty
Package: atveryend 2019-12-11 v1.11 Hooks at the very end of document (HO)
Package atveryend Info: \enddocument detected (standard20110627).
)
\Fld@listcount=\count188
\c@bookmark@seq@number=\count189

(/usr/share/texlive/texmf-dist/tex/latex/rerunfilecheck/rerunfilecheck.sty
Package: rerunfilecheck 2019/12/05 v1.9 Rerun checks for auxiliary files (HO)

(/usr/share/texlive/texmf-dist/tex/generic/uniquecounter/uniquecounter.sty
Package: uniquecounter 2019/12/15 v1.4 Provide unlimited unique counter (HO)
)
Package uniquecounter Info: New unique counter `rerunfilecheck' on input line 2
86.
)
\Hy@SectionHShift=\skip49
)
(/usr/share/texlive/texmf-dist/tex/latex/listings/listings.sty
\lst@mode=\count190
\lst@gtempboxa=\box47
\lst@token=\toks20
\lst@length=\count191
\lst@currlwidth=\dimen149
\lst@column=\count192
\lst@pos=\count193
\lst@lostspace=\dimen150
\lst@width=\dimen151
\lst@newlines=\count194
\lst@lineno=\count195
\lst@maxwidth=\dimen152

(/usr/share/texlive/texmf-dist/tex/latex/listings/lstmisc.sty
File: lstmisc.sty 2019/09/10 1.8c (Carsten Heinz)
\c@lstnumber=\count196
\lst@skipnumbers=\count197
\lst@framebox=\box48
)
(/usr/share/texlive/texmf-dist/tex/latex/listings/listings.cfg
File: listings.cfg 2019/09/10 1.8c listings configuration
))
Package: listings 2019/09/10 1.8c (Carsten Heinz)

(/usr/share/texlive/texmf-dist/tex/latex/spverbatim/spverbatim.sty
Package: spverbatim 2009/08/10 v1.0 Verbatim with breakable spaces
)
(/usr/share/texlive/texmf-dist/tex/latex/fancyvrb/fancyvrb.sty
Package: fancyvrb 2020/01/13 v3.5 verbatim text (tvz,hv)
\FV@CodeLineNo=\count198
\FV@InFile=\read2
\FV@TabBox=\box49
\c@FancyVerbLine=\count199
\FV@StepNumber=\count266
\FV@OutFile=\write3
)
(/usr/share/texlive/texmf-dist/tex/latex/fvextra/fvextra.sty
Package: fvextra 2019/02/04 v1.4 fvextra - extensions and patches for fancyvrb

(/usr/share/texlive/texmf-dist/tex/latex/base/ifthen.sty
Package: ifthen 2014/09/29 v1.1c Standard LaTeX ifthen package (DPC)
)
(/usr/share/texlive/texmf-dist/tex/latex/etoolbox/etoolbox.sty
Package: etoolbox 2019/09/21 v2.5h e-TeX tools for LaTeX (JAW)
\etb@tempcnta=\count267
)
(/usr/share/texlive/texmf-dist/tex/latex/upquote/upquote.sty
Package: upquote 2012/04/19 v1.3 upright-quote and grave-accent glyphs in verba
tim
)
(/usr/share/texlive/texmf-dist/tex/latex/lineno/lineno.sty
Package: lineno 2005/11/02 line numbers on paragraphs v4.41
\linenopenalty=\count268
\output=\toks21
\linenoprevgraf=\count269
\linenumbersep=\dimen153
\linenumberwidth=\dimen154
\c@linenumber=\count270
\c@pagewiselinenumber=\count271
\c@LN@truepage=\count272
\c@internallinenumber=\count273
\c@internallinenumbers=\count274
\quotelinenumbersep=\dimen155
\bframerule=\dimen156
\bframesep=\dimen157
\bframebox=\box50
LaTeX Info: Redefining \\ on input line 3056.
)
\c@FV@TrueTabGroupLevel=\count275
\c@FV@TrueTabCounter=\count276
\FV@TabBox@Group=\box51
\FV@TmpLength=\skip50
\c@FV@HighlightLinesStart=\count277
\c@FV@HighlightLinesStop=\count278
\FV@LoopCount=\count279
\FV@NCharsBox=\box52
\FV@BreakIndent=\dimen158
\FV@BreakIndentNChars=\count280
\FV@BreakSymbolSepLeft=\dimen159
\FV@BreakSymbolSepLeftNChars=\count281
\FV@BreakSymbolSepRight=\dimen160
\FV@BreakSymbolSepRightNChars=\count282
\FV@BreakSymbolIndentLeft=\dimen161
\FV@BreakSymbolIndentLeftNChars=\count283
\FV@BreakSymbolIndentRight=\dimen162
\FV@BreakSymbolIndentRightNChars=\count284
\c@FancyVerbLineBreakLast=\count285
\FV@LineBox=\box53
\FV@LineIndentBox=\box54
\FV@LineWidth=\dimen163
)
(/usr/share/texlive/texmf-dist/tex/latex/caption/caption.sty
Package: caption 2020/01/03 v3.4h Customizing captions (AR)

(/usr/share/texlive/texmf-dist/tex/latex/caption/caption3.sty
Package: caption3 2020/01/03 v1.8h caption3 kernel (AR)
Package caption3 Info: TeX engine: e-TeX on input line 61.
\captionmargin=\dimen164
\captionmargin@=\dimen165
\captionwidth=\dimen166
\caption@tempdima=\dimen167
\caption@indent=\dimen168
\caption@parindent=\dimen169
\caption@hangindent=\dimen170
Package caption Info: Standard document class detected.
)
(/usr/share/texlive/texmf-dist/tex/latex/newfloat/newfloat.sty
Package: newfloat 2019/09/02 v1.1l Defining new floating environments (AR)
)
\c@caption@flags=\count286
\c@continuedfloat=\count287
Package caption Info: float package is loaded.
Package caption Info: hyperref package is loaded.
Package caption Info: listings package is loaded.
)
(/usr/share/texlive/texmf-dist/tex/latex/l3backend/l3backend-pdfmode.def
File: l3backend-pdfmode.def 2020-02-03 L3 backend support: PDF mode
\l__kernel_color_stack_int=\count288
\l__pdf_internal_box=\box55
)
(./tesi.aux)
\openout1 = `tesi.aux'.

LaTeX Font Info:    Checking defaults for OML/cmm/m/it on input line 20.
LaTeX Font Info:    ... okay on input line 20.
LaTeX Font Info:    Checking defaults for OMS/cmsy/m/n on input line 20.
LaTeX Font Info:    ... okay on input line 20.
LaTeX Font Info:    Checking defaults for OT1/cmr/m/n on input line 20.
LaTeX Font Info:    ... okay on input line 20.
LaTeX Font Info:    Checking defaults for T1/cmr/m/n on input line 20.
LaTeX Font Info:    ... okay on input line 20.
LaTeX Font Info:    Checking defaults for TS1/cmr/m/n on input line 20.
LaTeX Font Info:    ... okay on input line 20.
LaTeX Font Info:    Checking defaults for OMX/cmex/m/n on input line 20.
LaTeX Font Info:    ... okay on input line 20.
LaTeX Font Info:    Checking defaults for U/cmr/m/n on input line 20.
LaTeX Font Info:    ... okay on input line 20.
LaTeX Font Info:    Checking defaults for PD1/pdf/m/n on input line 20.
LaTeX Font Info:    ... okay on input line 20.

*geometry* driver: auto-detecting
*geometry* detected driver: pdftex
*geometry* verbose mode - [ preamble ] result:
* driver: pdftex
* paper: letterpaper
* layout: <same size as paper>
* layoutoffset:(h,v)=(0.0pt,0.0pt)
* modes: twoside 
* h-part:(L,W,R)=(72.26999pt, 469.75502pt, 72.26999pt)
* v-part:(T,H,B)=(72.26999pt, 650.43001pt, 72.26999pt)
* \paperwidth=614.295pt
* \paperheight=794.96999pt
* \textwidth=469.75502pt
* \textheight=650.43001pt
* \oddsidemargin=0.0pt
* \evensidemargin=0.0pt
* \topmargin=-37.0pt
* \headheight=12.0pt
* \headsep=25.0pt
* \topskip=12.0pt
* \footskip=30.0pt
* \marginparwidth=95.0pt
* \marginparsep=10.0pt
* \columnsep=10.0pt
* \skip\footins=10.8pt plus 4.0pt minus 2.0pt
* \hoffset=0.0pt
* \voffset=0.0pt
* \mag=1000
* \@twocolumnfalse
* \@twosidetrue
* \@mparswitchtrue
* \@reversemarginfalse
* (1in=72.27pt=25.4mm, 1cm=28.453pt)

(/usr/share/texlive/texmf-dist/tex/context/base/mkii/supp-pdf.mkii
[Loading MPS to PDF converter (version 2006.09.02).]
\scratchcounter=\count289
\scratchdimen=\dimen171
\scratchbox=\box56
\nofMPsegments=\count290
\nofMParguments=\count291
\everyMPshowfont=\toks22
\MPscratchCnt=\count292
\MPscratchDim=\dimen172
\MPnumerator=\count293
\makeMPintoPDFobject=\count294
\everyMPtoPDFconversion=\toks23
) (/usr/share/texlive/texmf-dist/tex/latex/epstopdf-pkg/epstopdf-base.sty
Package: epstopdf-base 2020-01-24 v2.11 Base part for package epstopdf
Package epstopdf-base Info: Redefining graphics rule for `.eps' on input line 4
85.

(/usr/share/texlive/texmf-dist/tex/latex/latexconfig/epstopdf-sys.cfg
File: epstopdf-sys.cfg 2010/07/13 v1.3 Configuration of (r)epstopdf for TeX Liv
e
))
\AtBeginShipoutBox=\box57
Package hyperref Info: Link coloring OFF on input line 20.

(/usr/share/texlive/texmf-dist/tex/latex/hyperref/nameref.sty
Package: nameref 2019/09/16 v2.46 Cross-referencing by name of section

(/usr/share/texlive/texmf-dist/tex/latex/refcount/refcount.sty
Package: refcount 2019/12/15 v3.6 Data extraction from label references (HO)
)
(/usr/share/texlive/texmf-dist/tex/generic/gettitlestring/gettitlestring.sty
Package: gettitlestring 2019/12/15 v1.6 Cleanup title references (HO)
)
\c@section@level=\count295
)
LaTeX Info: Redefining \ref on input line 20.
LaTeX Info: Redefining \pageref on input line 20.
LaTeX Info: Redefining \nameref on input line 20.

(./tesi.out) (./tesi.out)
\@outlinefile=\write4
\openout4 = `tesi.out'.


(/usr/share/texlive/texmf-dist/tex/latex/base/textcomp.sty
Package: textcomp 2020/02/02 v2.0n Standard LaTeX package
)
\c@lstlisting=\count296
Package caption Info: Begin \AtBeginDocument code.
Package caption Info: End \AtBeginDocument code.
Package newfloat Info: `float' package detected.
LaTeX Font Info:    External font `cmex10' loaded for size
(Font)              <14.4> on input line 22.
LaTeX Font Info:    External font `cmex10' loaded for size
(Font)              <7> on input line 22.

Overfull \hbox (9.10677pt too wide) in paragraph at lines 23--23
[]\OT1/cmr/bx/n/17.28 Addressing the prob-lems with dis-tributed ledger tech-
 []


Underfull \hbox (badness 10000) in paragraph at lines 56--57

 []

[1

{/var/lib/texmf/fonts/map/pdftex/updmap/pdftex.map}]
Underfull \hbox (badness 10000) in paragraph at lines 72--73

 []

<pict/basicexample.png, id=121, 860.21375pt x 380.42125pt>
File: pict/basicexample.png Graphic file (type png)
<use pict/basicexample.png>
Package pdftex.def Info: pict/basicexample.png  used on input line 81.
(pdftex.def)             Requested size: 422.77664pt x 186.97108pt.
[2 <./pict/basicexample.png>]
<pict/txstruct.png, id=133, 360.34625pt x 481.8pt>
File: pict/txstruct.png Graphic file (type png)
<use pict/txstruct.png>
Package pdftex.def Info: pict/txstruct.png  used on input line 103.
(pdftex.def)             Requested size: 187.89914pt x 251.22849pt.
 [3 <./pict/txstruct.png>]
LaTeX Font Info:    External font `cmex10' loaded for size
(Font)              <12> on input line 124.
LaTeX Font Info:    External font `cmex10' loaded for size
(Font)              <8> on input line 124.
LaTeX Font Info:    External font `cmex10' loaded for size
(Font)              <6> on input line 124.
<pict/blockstruct.png, id=143, 598.235pt x 452.69125pt>
File: pict/blockstruct.png Graphic file (type png)
<use pict/blockstruct.png>
Package pdftex.def Info: pict/blockstruct.png  used on input line 133.
(pdftex.def)             Requested size: 258.36668pt x 195.50996pt.


LaTeX Warning: `h' float specifier changed to `ht'.


Underfull \hbox (badness 10000) in paragraph at lines 142--143

 []

[4]
<pict/blockchain-synch.png, id=152, 349.305pt x 381.425pt>
File: pict/blockchain-synch.png Graphic file (type png)
<use pict/blockchain-synch.png>
Package pdftex.def Info: pict/blockchain-synch.png  used on input line 153.
(pdftex.def)             Requested size: 164.41711pt x 179.53749pt.


LaTeX Warning: `h' float specifier changed to `ht'.

[5 <./pict/blockstruct.png>]
Overfull \hbox (8.02022pt too wide) in paragraph at lines 166--167
[]\OT1/cmr/m/n/12 Thus, PoW dis-cour-ages any kind of data forgery. Fur-ther-mo
re, tem-per-ing on the blockchain
 []

[6 <./pict/blockchain-synch.png>]
Underfull \hbox (badness 10000) in paragraph at lines 189--191

 []


Underfull \hbox (badness 10000) in paragraph at lines 198--199

 []

<pict/BTCconnection.png, id=177, 351.3125pt x 338.26375pt>
File: pict/BTCconnection.png Graphic file (type png)
<use pict/BTCconnection.png>
Package pdftex.def Info: pict/BTCconnection.png  used on input line 208.
(pdftex.def)             Requested size: 211.38832pt x 203.54305pt.

LaTeX Warning: `h' float specifier changed to `ht'.


Underfull \hbox (badness 10000) in paragraph at lines 216--217

 []


Underfull \hbox (badness 10000) in paragraph at lines 220--221

 []

[7]
Underfull \hbox (badness 10000) in paragraph at lines 226--227

 []

<pict/BTCaddr.png, id=191, 351.3125pt x 294.09875pt>
File: pict/BTCaddr.png Graphic file (type png)
<use pict/BTCaddr.png>
Package pdftex.def Info: pict/BTCaddr.png  used on input line 235.
(pdftex.def)             Requested size: 211.38832pt x 176.9677pt.

LaTeX Warning: `h' float specifier changed to `ht'.


Underfull \vbox (badness 10000) has occurred while \output is active []

 [8 <./pict/BTCconnection.png>] [9 <./pict/BTCaddr.png>]
Underfull \hbox (badness 10000) in paragraph at lines 267--268

 []


Underfull \hbox (badness 10000) in paragraph at lines 274--275

 []


Underfull \hbox (badness 10000) in paragraph at lines 278--279

 []


Underfull \hbox (badness 10000) in paragraph at lines 282--283

 []

[10]
Underfull \hbox (badness 10000) in paragraph at lines 290--291

 []


Underfull \hbox (badness 10000) in paragraph at lines 297--298

 []


Underfull \hbox (badness 10000) in paragraph at lines 305--306

 []

<pict/network-partition.png, id=235, 591.20876pt x 263.98625pt>
File: pict/network-partition.png Graphic file (type png)
<use pict/network-partition.png>
Package pdftex.def Info: pict/network-partition.png  used on input line 310.
(pdftex.def)             Requested size: 258.36668pt x 115.36882pt.
[11 <./pict/network-partition.png>]
<pict/sybil.png, id=252, 371.3875pt x 496.85625pt>
File: pict/sybil.png Graphic file (type png)
<use pict/sybil.png>
Package pdftex.def Info: pict/sybil.png  used on input line 327.
(pdftex.def)             Requested size: 187.89914pt x 251.38425pt.

Overfull \hbox (4.93588pt too wide) in paragraph at lines 339--340
[]\OT1/cmr/m/n/12 In the mean-while Sybil nodes ham-per the growth both of the 
pub-lic and vic-tim's blockchain
 []

<pict/blockrace1.png, id=256, 901.3675pt x 176.66pt>
File: pict/blockrace1.png Graphic file (type png)
<use pict/blockrace1.png>
Package pdftex.def Info: pict/blockrace1.png  used on input line 342.
(pdftex.def)             Requested size: 422.77664pt x 82.86038pt.
[12 <./pict/sybil.png>]
<pict/blockrace2.png, id=267, 1141.26375pt x 176.66pt>
File: pict/blockrace2.png Graphic file (type png)
<use pict/blockrace2.png>
Package pdftex.def Info: pict/blockrace2.png  used on input line 349.
(pdftex.def)             Requested size: 422.77664pt x 65.44135pt.
 [13 <./pict/blockrace1.png> <./pict/blockrace2.png>]
<pict/0confirm-doublespend.png, id=284, 649.42625pt x 147.55125pt>
File: pict/0confirm-doublespend.png Graphic file (type png)
<use pict/0confirm-doublespend.png>
Package pdftex.def Info: pict/0confirm-doublespend.png  used on input line 375.

(pdftex.def)             Requested size: 328.82707pt x 74.71204pt.
<pict/nconfirm-doublespend.png, id=286, 743.77875pt x 423.5825pt>
File: pict/nconfirm-doublespend.png Graphic file (type png)
<use pict/nconfirm-doublespend.png>
Package pdftex.def Info: pict/nconfirm-doublespend.png  used on input line 386.

(pdftex.def)             Requested size: 352.31625pt x 200.64793pt.

[14 <./pict/0confirm-doublespend.png> <./pict/nconfirm-doublespend.png>]
Underfull \hbox (badness 10000) in paragraph at lines 400--401

 []

[15]
<pict/atkaddr.png, id=314, 421.575pt x 396.48125pt>
File: pict/atkaddr.png Graphic file (type png)
<use pict/atkaddr.png>
Package pdftex.def Info: pict/atkaddr.png  used on input line 444.
(pdftex.def)             Requested size: 234.8775pt x 220.89667pt.


LaTeX Warning: `!h' float specifier changed to `!ht'.

[16]
Underfull \hbox (badness 10000) in paragraph at lines 463--464

 []

[17 <./pict/atkaddr.png>]
Underfull \hbox (badness 10000) in paragraph at lines 498--499

 []


Underfull \hbox (badness 10000) in paragraph at lines 500--501

 []


Underfull \hbox (badness 10000) in paragraph at lines 506--507

 []

<pict/results/in-cov.png, id=334, 462.528pt x 346.896pt>
File: pict/results/in-cov.png Graphic file (type png)
<use pict/results/in-cov.png>
Package pdftex.def Info: pict/results/in-cov.png  used on input line 509.
(pdftex.def)             Requested size: 328.82707pt x 246.63135pt.

LaTeX Warning: `!h' float specifier changed to `!ht'.


Underfull \hbox (badness 10000) in paragraph at lines 517--518

 []

<pict/results/in-hon-avg-neigh.png, id=335, 462.528pt x 346.896pt>
File: pict/results/in-hon-avg-neigh.png Graphic file (type png)
<use pict/results/in-hon-avg-neigh.png>
Package pdftex.def Info: pict/results/in-hon-avg-neigh.png  used on input line 
520.
(pdftex.def)             Requested size: 328.82707pt x 246.63135pt.

LaTeX Warning: `!h' float specifier changed to `!ht'.


Underfull \hbox (badness 10000) in paragraph at lines 526--527

 []

[18]
<pict/results/in-hon-avg-neigh-atk.png, id=342, 462.528pt x 346.896pt>
File: pict/results/in-hon-avg-neigh-atk.png Graphic file (type png)
<use pict/results/in-hon-avg-neigh-atk.png>
Package pdftex.def Info: pict/results/in-hon-avg-neigh-atk.png  used on input l
ine 529.
(pdftex.def)             Requested size: 328.82707pt x 246.63135pt.


LaTeX Warning: `!h' float specifier changed to `!ht'.

[19 <./pict/results/in-cov.png> <./pict/results/in-hon-avg-neigh.png>]
Underfull \hbox (badness 10000) in paragraph at lines 537--538

 []

<pict/results/in-hon-avg-known-atk.png, id=353, 462.528pt x 346.896pt>
File: pict/results/in-hon-avg-known-atk.png Graphic file (type png)
<use pict/results/in-hon-avg-known-atk.png>
Package pdftex.def Info: pict/results/in-hon-avg-known-atk.png  used on input l
ine 540.
(pdftex.def)             Requested size: 328.82707pt x 246.63135pt.
[20 <./pict/results/in-hon-avg-neigh-atk.png> <./pict/results/in-hon-avg-known-
atk.png>]
<pict/results/in-atk-avg-degree.png, id=363, 462.528pt x 346.896pt>
File: pict/results/in-atk-avg-degree.png Graphic file (type png)
<use pict/results/in-atk-avg-degree.png>
Package pdftex.def Info: pict/results/in-atk-avg-degree.png  used on input line
 556.
(pdftex.def)             Requested size: 328.82707pt x 246.63135pt.
<pict/results/in-cluster.png, id=364, 462.528pt x 346.896pt>
File: pict/results/in-cluster.png Graphic file (type png)
<use pict/results/in-cluster.png>
Package pdftex.def Info: pict/results/in-cluster.png  used on input line 563.
(pdftex.def)             Requested size: 328.82707pt x 246.63135pt.


LaTeX Warning: `!h' float specifier changed to `!ht'.

<pict/results/in-dns.png, id=366, 462.528pt x 346.896pt>
File: pict/results/in-dns.png Graphic file (type png)
<use pict/results/in-dns.png>
Package pdftex.def Info: pict/results/in-dns.png  used on input line 572.
(pdftex.def)             Requested size: 328.82707pt x 246.63135pt.

LaTeX Warning: `!h' float specifier changed to `!ht'.


Underfull \hbox (badness 10000) in paragraph at lines 579--580

 []


Underfull \hbox (badness 10000) in paragraph at lines 581--582

 []

[21 <./pict/results/in-atk-avg-degree.png>]
<pict/results/ext-cov.png, id=376, 462.528pt x 346.896pt>
File: pict/results/ext-cov.png Graphic file (type png)
<use pict/results/ext-cov.png>
Package pdftex.def Info: pict/results/ext-cov.png  used on input line 584.
(pdftex.def)             Requested size: 328.82707pt x 246.63135pt.


LaTeX Warning: `!h' float specifier changed to `!ht'.


Underfull \hbox (badness 10000) in paragraph at lines 592--593

 []

<pict/results/ext-hon-atk-neigh.png, id=378, 462.528pt x 346.896pt>
File: pict/results/ext-hon-atk-neigh.png Graphic file (type png)
<use pict/results/ext-hon-atk-neigh.png>
Package pdftex.def Info: pict/results/ext-hon-atk-neigh.png  used on input line
 595.
(pdftex.def)             Requested size: 328.82707pt x 246.63135pt.
[22 <./pict/results/in-cluster.png> <./pict/results/in-dns.png>]
Underfull \hbox (badness 10000) in paragraph at lines 601--602

 []

<pict/results/ex-hon-atk-known.png, id=388, 462.528pt x 346.896pt>
File: pict/results/ex-hon-atk-known.png Graphic file (type png)
<use pict/results/ex-hon-atk-known.png>
Package pdftex.def Info: pict/results/ex-hon-atk-known.png  used on input line 
604.
(pdftex.def)             Requested size: 328.82707pt x 246.63135pt.

LaTeX Warning: `!h' float specifier changed to `!ht'.

[23 <./pict/results/ext-cov.png> <./pict/results/ext-hon-atk-neigh.png>]
Underfull \hbox (badness 10000) in paragraph at lines 612--613

 []

<pict/results/ex-atk-avg-degree.png, id=399, 462.528pt x 346.896pt>
File: pict/results/ex-atk-avg-degree.png Graphic file (type png)
<use pict/results/ex-atk-avg-degree.png>
Package pdftex.def Info: pict/results/ex-atk-avg-degree.png  used on input line
 615.
(pdftex.def)             Requested size: 328.82707pt x 246.63135pt.

LaTeX Warning: `!h' float specifier changed to `!ht'.

<pict/results/ex-atk-dd.png, id=400, 462.528pt x 346.896pt>
File: pict/results/ex-atk-dd.png Graphic file (type png)
<use pict/results/ex-atk-dd.png>
Package pdftex.def Info: pict/results/ex-atk-dd.png  used on input line 622.
(pdftex.def)             Requested size: 328.82707pt x 246.63135pt.

LaTeX Warning: `!h' float specifier changed to `!ht'.


Underfull \hbox (badness 10000) in paragraph at lines 639--640

 []

[24 <./pict/results/ex-hon-atk-known.png>] [25 <./pict/results/ex-atk-avg-degre
e.png> <./pict/results/ex-atk-dd.png>]
Underfull \hbox (badness 10000) in paragraph at lines 655--656

 []

<pict/results/in-atkknown-beginning.png, id=419, 462.528pt x 346.896pt>
File: pict/results/in-atkknown-beginning.png Graphic file (type png)
<use pict/results/in-atkknown-beginning.png>
Package pdftex.def Info: pict/results/in-atkknown-beginning.png  used on input 
line 658.
(pdftex.def)             Requested size: 328.82707pt x 246.63135pt.
[26 <./pict/results/in-atkknown-beginning.png>] (./tesi.bbl
Underfull \hbox (badness 10000) in paragraph at lines 9--12
[]\OT1/cmr/m/n/12 Bitcoin pro-to-col doc-u-men-ta-tion.  []$\OT1/cmtt/m/n/12 ht
tps : / / en . bitcoin . it / wiki / Protocol _
 []

[27] [28])
Package atveryend Info: Empty hook `BeforeClearDocument' on input line 689.
 [29]
Package atveryend Info: Empty hook `AfterLastShipout' on input line 689.
 (./tesi.aux)
Package atveryend Info: Executing hook `AtVeryEndDocument' on input line 689.
Package atveryend Info: Executing hook `AtEndAfterFileList' on input line 689.
Package rerunfilecheck Info: File `tesi.out' has not changed.
(rerunfilecheck)             Checksum: CF05AF836B1CCE17699C38D48CC8A472;1837.
Package atveryend Info: Empty hook `AtVeryVeryEnd' on input line 689.
 ) 
Here is how much of TeX's memory you used:
 10205 strings out of 481239
 162466 string characters out of 5920377
 435537 words of memory out of 5000000
 25183 multiletter control sequences out of 15000+600000
 538359 words of font info for 44 fonts, out of 8000000 for 9000
 1141 hyphenation exceptions out of 8191
 41i,7n,42p,919b,451s stack positions out of 5000i,500n,10000p,200000b,80000s
{/usr/share/texmf/fonts/enc/dvips/cm-super/cm-super-ts1.enc}</usr/share/texli
ve/texmf-dist/fonts/type1/public/amsfonts/cm/cmbx12.pfb></usr/share/texlive/tex
mf-dist/fonts/type1/public/amsfonts/cm/cmmi12.pfb></usr/share/texlive/texmf-dis
t/fonts/type1/public/amsfonts/cm/cmr12.pfb></usr/share/texlive/texmf-dist/fonts
/type1/public/amsfonts/cm/cmsy10.pfb></usr/share/texlive/texmf-dist/fonts/type1
/public/amsfonts/cm/cmti12.pfb></usr/share/texlive/texmf-dist/fonts/type1/publi
c/amsfonts/cm/cmtt12.pfb></usr/share/texmf/fonts/type1/public/cm-super/sfrm1200
.pfb>
Output written on tesi.pdf (29 pages, 624801 bytes).
PDF statistics:
 502 PDF objects out of 1000 (max. 8388607)
 407 compressed objects within 5 object streams
 119 named destinations out of 1000 (max. 500000)
 331 words of extra memory for PDF output out of 10000 (max. 10000000)

